app/build/intermediates/manifest_merge_blame_file/release/manifest-merger-blame-release-report.txt
1<?xml version="1.0" encoding="utf-8"?>
2<manifest xmlns:android="http://schemas.android.com/apk/res/android"
3    package="com.rc.dice"
4    android:versionCode="8"
5    android:versionName="1.7" >
6
7    <uses-sdk
8        android:minSdkVersion="16"
8-->src\main\AndroidManifest.xml
9        android:targetSdkVersion="30" />
9-->src\main\AndroidManifest.xml
10
11    <uses-permission android:name="android.permission.INTERNET" />
11-->src\main\AndroidManifest.xml:5:5-67
11-->src\main\AndroidManifest.xml:5:22-64
12    <uses-permission android:name="android.permission.VIBRATE" />
12-->src\main\AndroidManifest.xml:6:5-65
12-->src\main\AndroidManifest.xml:6:22-63
13    <uses-permission android:name="android.permission.ACCESS_NETWORK_STATE" /> <!-- Android package visibility setting -->
13-->[com.google.android.gms:play-services-ads-lite:19.7.0] AndroidManifest.xml:24:5-79
13-->[com.google.android.gms:play-services-ads-lite:19.7.0] AndroidManifest.xml:24:22-76
14    <queries>
14-->[com.google.android.gms:play-services-ads-lite:19.7.0] AndroidManifest.xml:27:5-43:15
15
16        <!-- For browser content -->
17        <intent>
17-->[com.google.android.gms:play-services-ads-lite:19.7.0] AndroidManifest.xml:30:9-36:18
18            <action android:name="android.intent.action.VIEW" />
18-->[com.google.android.gms:play-services-ads-lite:19.7.0] AndroidManifest.xml:31:13-65
18-->[com.google.android.gms:play-services-ads-lite:19.7.0] AndroidManifest.xml:31:21-62
19
20            <category android:name="android.intent.category.BROWSABLE" />
20-->[com.google.android.gms:play-services-ads-lite:19.7.0] AndroidManifest.xml:33:13-74
20-->[com.google.android.gms:play-services-ads-lite:19.7.0] AndroidManifest.xml:33:23-71
21
22            <data android:scheme="https" />
22-->[com.google.android.gms:play-services-ads-lite:19.7.0] AndroidManifest.xml:35:13-44
22-->[com.google.android.gms:play-services-ads-lite:19.7.0] AndroidManifest.xml:35:19-41
23        </intent>
24        <!-- End of browser content -->
25        <!-- For CustomTabsService -->
26        <intent>
26-->[com.google.android.gms:play-services-ads-lite:19.7.0] AndroidManifest.xml:30:9-36:18
27            <action android:name="android.support.customtabs.action.CustomTabsService" />
28        </intent>
29        <!-- End of CustomTabsService -->
30    </queries>
31
32    <uses-permission android:name="android.permission.WAKE_LOCK" />
32-->[com.google.android.gms:play-services-measurement-sdk-api:17.5.0] AndroidManifest.xml:25:5-68
32-->[com.google.android.gms:play-services-measurement-sdk-api:17.5.0] AndroidManifest.xml:25:22-65
33    <uses-permission android:name="android.permission.RECEIVE_BOOT_COMPLETED" />
33-->[androidx.work:work-runtime:2.1.0] AndroidManifest.xml:27:5-81
33-->[androidx.work:work-runtime:2.1.0] AndroidManifest.xml:27:22-78
34
35    <application
35-->src\main\AndroidManifest.xml:8:5-30:19
36        android:allowBackup="true"
36-->src\main\AndroidManifest.xml:9:9-35
37        android:appComponentFactory="androidx.core.app.CoreComponentFactory"
37-->[androidx.core:core:1.3.1] AndroidManifest.xml:24:18-86
38        android:icon="@drawable/my_dice_perspective"
38-->src\main\AndroidManifest.xml:10:9-53
39        android:label="@string/app_name"
39-->src\main\AndroidManifest.xml:11:9-41
40        android:roundIcon="@drawable/my_dice_circle_perspective"
40-->src\main\AndroidManifest.xml:12:9-65
41        android:supportsRtl="true"
41-->src\main\AndroidManifest.xml:13:9-35
42        android:theme="@style/AppTheme" >
42-->src\main\AndroidManifest.xml:14:9-40
43        <meta-data
43-->src\main\AndroidManifest.xml:15:9-17:69
44            android:name="com.google.android.gms.ads.APPLICATION_ID"
44-->src\main\AndroidManifest.xml:16:13-69
45            android:value="ca-app-pub-2684258702943909~6974779372" />
45-->src\main\AndroidManifest.xml:17:13-67
46
47        <activity android:name="com.rc.dice.TwoDice" />
47-->src\main\AndroidManifest.xml:19:9-45
47-->src\main\AndroidManifest.xml:19:19-42
48        <activity android:name="com.rc.dice.OneDice" />
48-->src\main\AndroidManifest.xml:20:9-45
48-->src\main\AndroidManifest.xml:20:19-42
49        <activity
49-->src\main\AndroidManifest.xml:21:9-29:20
50            android:name="com.rc.dice.LaunchActivity"
50-->src\main\AndroidManifest.xml:22:13-43
51            android:screenOrientation="portrait" >
51-->src\main\AndroidManifest.xml:23:13-49
52            <intent-filter>
52-->src\main\AndroidManifest.xml:24:13-28:29
53                <action android:name="android.intent.action.MAIN" />
53-->src\main\AndroidManifest.xml:25:17-69
53-->src\main\AndroidManifest.xml:25:25-66
54
55                <category android:name="android.intent.category.LAUNCHER" />
55-->src\main\AndroidManifest.xml:27:17-77
55-->src\main\AndroidManifest.xml:27:27-74
56            </intent-filter>
57        </activity>
58        <!-- Include the AdActivity and InAppPurchaseActivity configChanges and themes. -->
59        <activity
59-->[com.google.android.gms:play-services-ads-lite:19.7.0] AndroidManifest.xml:48:9-52:64
60            android:name="com.google.android.gms.ads.AdActivity"
60-->[com.google.android.gms:play-services-ads-lite:19.7.0] AndroidManifest.xml:49:13-65
61            android:configChanges="keyboard|keyboardHidden|orientation|screenLayout|uiMode|screenSize|smallestScreenSize"
61-->[com.google.android.gms:play-services-ads-lite:19.7.0] AndroidManifest.xml:50:13-122
62            android:exported="false"
62-->[com.google.android.gms:play-services-ads-lite:19.7.0] AndroidManifest.xml:51:13-37
63            android:theme="@android:style/Theme.Translucent" />
63-->[com.google.android.gms:play-services-ads-lite:19.7.0] AndroidManifest.xml:52:13-61
64
65        <provider
65-->[com.google.android.gms:play-services-ads-lite:19.7.0] AndroidManifest.xml:54:9-58:39
66            android:name="com.google.android.gms.ads.MobileAdsInitProvider"
66-->[com.google.android.gms:play-services-ads-lite:19.7.0] AndroidManifest.xml:55:13-76
67            android:authorities="com.rc.dice.mobileadsinitprovider"
67-->[com.google.android.gms:play-services-ads-lite:19.7.0] AndroidManifest.xml:56:13-73
68            android:exported="false"
68-->[com.google.android.gms:play-services-ads-lite:19.7.0] AndroidManifest.xml:57:13-37
69            android:initOrder="100" />
69-->[com.google.android.gms:play-services-ads-lite:19.7.0] AndroidManifest.xml:58:13-36
70
71        <service
71-->[com.google.android.gms:play-services-ads-lite:19.7.0] AndroidManifest.xml:60:9-63:40
72            android:name="com.google.android.gms.ads.AdService"
72-->[com.google.android.gms:play-services-ads-lite:19.7.0] AndroidManifest.xml:61:13-64
73            android:enabled="true"
73-->[com.google.android.gms:play-services-ads-lite:19.7.0] AndroidManifest.xml:62:13-35
74            android:exported="false" />
74-->[com.google.android.gms:play-services-ads-lite:19.7.0] AndroidManifest.xml:63:13-37
75
76        <meta-data
76-->[com.google.android.gms:play-services-basement:17.3.0] AndroidManifest.xml:23:9-25:69
77            android:name="com.google.android.gms.version"
77-->[com.google.android.gms:play-services-basement:17.3.0] AndroidManifest.xml:24:13-58
78            android:value="@integer/google_play_services_version" />
78-->[com.google.android.gms:play-services-basement:17.3.0] AndroidManifest.xml:25:13-66
79
80        <provider
80-->[androidx.work:work-runtime:2.1.0] AndroidManifest.xml:30:9-36:35
81            android:name="androidx.work.impl.WorkManagerInitializer"
81-->[androidx.work:work-runtime:2.1.0] AndroidManifest.xml:31:13-69
82            android:authorities="com.rc.dice.workmanager-init"
82-->[androidx.work:work-runtime:2.1.0] AndroidManifest.xml:32:13-68
83            android:directBootAware="false"
83-->[androidx.work:work-runtime:2.1.0] AndroidManifest.xml:33:13-44
84            android:exported="false"
84-->[androidx.work:work-runtime:2.1.0] AndroidManifest.xml:34:13-37
85            android:multiprocess="true" />
85-->[androidx.work:work-runtime:2.1.0] AndroidManifest.xml:35:13-40
86
87        <service
87-->[androidx.work:work-runtime:2.1.0] AndroidManifest.xml:38:9-43:35
88            android:name="androidx.work.impl.background.systemalarm.SystemAlarmService"
88-->[androidx.work:work-runtime:2.1.0] AndroidManifest.xml:39:13-88
89            android:directBootAware="false"
89-->[androidx.work:work-runtime:2.1.0] AndroidManifest.xml:40:13-44
90            android:enabled="@bool/enable_system_alarm_service_default"
90-->[androidx.work:work-runtime:2.1.0] AndroidManifest.xml:41:13-72
91            android:exported="false" />
91-->[androidx.work:work-runtime:2.1.0] AndroidManifest.xml:42:13-37
92        <service
92-->[androidx.work:work-runtime:2.1.0] AndroidManifest.xml:44:9-50:35
93            android:name="androidx.work.impl.background.systemjob.SystemJobService"
93-->[androidx.work:work-runtime:2.1.0] AndroidManifest.xml:45:13-84
94            android:directBootAware="false"
94-->[androidx.work:work-runtime:2.1.0] AndroidManifest.xml:46:13-44
95            android:enabled="@bool/enable_system_job_service_default"
95-->[androidx.work:work-runtime:2.1.0] AndroidManifest.xml:47:13-70
96            android:exported="true"
96-->[androidx.work:work-runtime:2.1.0] AndroidManifest.xml:48:13-36
97            android:permission="android.permission.BIND_JOB_SERVICE" />
97-->[androidx.work:work-runtime:2.1.0] AndroidManifest.xml:49:13-69
98
99        <receiver
99-->[androidx.work:work-runtime:2.1.0] AndroidManifest.xml:52:9-57:35
100            android:name="androidx.work.impl.utils.ForceStopRunnable$BroadcastReceiver"
100-->[androidx.work:work-runtime:2.1.0] AndroidManifest.xml:53:13-88
101            android:directBootAware="false"
101-->[androidx.work:work-runtime:2.1.0] AndroidManifest.xml:54:13-44
102            android:enabled="true"
102-->[androidx.work:work-runtime:2.1.0] AndroidManifest.xml:55:13-35
103            android:exported="false" />
103-->[androidx.work:work-runtime:2.1.0] AndroidManifest.xml:56:13-37
104        <receiver
104-->[androidx.work:work-runtime:2.1.0] AndroidManifest.xml:58:9-68:20
105            android:name="androidx.work.impl.background.systemalarm.ConstraintProxy$BatteryChargingProxy"
105-->[androidx.work:work-runtime:2.1.0] AndroidManifest.xml:59:13-106
106            android:directBootAware="false"
106-->[androidx.work:work-runtime:2.1.0] AndroidManifest.xml:60:13-44
107            android:enabled="false"
107-->[androidx.work:work-runtime:2.1.0] AndroidManifest.xml:61:13-36
108            android:exported="false" >
108-->[androidx.work:work-runtime:2.1.0] AndroidManifest.xml:62:13-37
109            <intent-filter>
109-->[androidx.work:work-runtime:2.1.0] AndroidManifest.xml:64:13-67:29
110                <action android:name="android.intent.action.ACTION_POWER_CONNECTED" />
110-->[androidx.work:work-runtime:2.1.0] AndroidManifest.xml:65:17-87
110-->[androidx.work:work-runtime:2.1.0] AndroidManifest.xml:65:25-84
111                <action android:name="android.intent.action.ACTION_POWER_DISCONNECTED" />
111-->[androidx.work:work-runtime:2.1.0] AndroidManifest.xml:66:17-90
111-->[androidx.work:work-runtime:2.1.0] AndroidManifest.xml:66:25-87
112            </intent-filter>
113        </receiver>
114        <receiver
114-->[androidx.work:work-runtime:2.1.0] AndroidManifest.xml:69:9-79:20
115            android:name="androidx.work.impl.background.systemalarm.ConstraintProxy$BatteryNotLowProxy"
115-->[androidx.work:work-runtime:2.1.0] AndroidManifest.xml:70:13-104
116            android:directBootAware="false"
116-->[androidx.work:work-runtime:2.1.0] AndroidManifest.xml:71:13-44
117            android:enabled="false"
117-->[androidx.work:work-runtime:2.1.0] AndroidManifest.xml:72:13-36
118            android:exported="false" >
118-->[androidx.work:work-runtime:2.1.0] AndroidManifest.xml:73:13-37
119            <intent-filter>
119-->[androidx.work:work-runtime:2.1.0] AndroidManifest.xml:75:13-78:29
120                <action android:name="android.intent.action.BATTERY_OKAY" />
120-->[androidx.work:work-runtime:2.1.0] AndroidManifest.xml:76:17-77
120-->[androidx.work:work-runtime:2.1.0] AndroidManifest.xml:76:25-74
121                <action android:name="android.intent.action.BATTERY_LOW" />
121-->[androidx.work:work-runtime:2.1.0] AndroidManifest.xml:77:17-76
121-->[androidx.work:work-runtime:2.1.0] AndroidManifest.xml:77:25-73
122            </intent-filter>
123        </receiver>
124        <receiver
124-->[androidx.work:work-runtime:2.1.0] AndroidManifest.xml:80:9-90:20
125            android:name="androidx.work.impl.background.systemalarm.ConstraintProxy$StorageNotLowProxy"
125-->[androidx.work:work-runtime:2.1.0] AndroidManifest.xml:81:13-104
126            android:directBootAware="false"
126-->[androidx.work:work-runtime:2.1.0] AndroidManifest.xml:82:13-44
127            android:enabled="false"
127-->[androidx.work:work-runtime:2.1.0] AndroidManifest.xml:83:13-36
128            android:exported="false" >
128-->[androidx.work:work-runtime:2.1.0] AndroidManifest.xml:84:13-37
129            <intent-filter>
129-->[androidx.work:work-runtime:2.1.0] AndroidManifest.xml:86:13-89:29
130                <action android:name="android.intent.action.DEVICE_STORAGE_LOW" />
130-->[androidx.work:work-runtime:2.1.0] AndroidManifest.xml:87:17-83
130-->[androidx.work:work-runtime:2.1.0] AndroidManifest.xml:87:25-80
131                <action android:name="android.intent.action.DEVICE_STORAGE_OK" />
131-->[androidx.work:work-runtime:2.1.0] AndroidManifest.xml:88:17-82
131-->[androidx.work:work-runtime:2.1.0] AndroidManifest.xml:88:25-79
132            </intent-filter>
133        </receiver>
134        <receiver
134-->[androidx.work:work-runtime:2.1.0] AndroidManifest.xml:91:9-100:20
135            android:name="androidx.work.impl.background.systemalarm.ConstraintProxy$NetworkStateProxy"
135-->[androidx.work:work-runtime:2.1.0] AndroidManifest.xml:92:13-103
136            android:directBootAware="false"
136-->[androidx.work:work-runtime:2.1.0] AndroidManifest.xml:93:13-44
137            android:enabled="false"
137-->[androidx.work:work-runtime:2.1.0] AndroidManifest.xml:94:13-36
138            android:exported="false" >
138-->[androidx.work:work-runtime:2.1.0] AndroidManifest.xml:95:13-37
139            <intent-filter>
139-->[androidx.work:work-runtime:2.1.0] AndroidManifest.xml:97:13-99:29
140                <action android:name="android.net.conn.CONNECTIVITY_CHANGE" />
140-->[androidx.work:work-runtime:2.1.0] AndroidManifest.xml:98:17-79
140-->[androidx.work:work-runtime:2.1.0] AndroidManifest.xml:98:25-76
141            </intent-filter>
142        </receiver>
143        <receiver
143-->[androidx.work:work-runtime:2.1.0] AndroidManifest.xml:101:9-112:20
144            android:name="androidx.work.impl.background.systemalarm.RescheduleReceiver"
144-->[androidx.work:work-runtime:2.1.0] AndroidManifest.xml:102:13-88
145            android:directBootAware="false"
145-->[androidx.work:work-runtime:2.1.0] AndroidManifest.xml:103:13-44
146            android:enabled="false"
146-->[androidx.work:work-runtime:2.1.0] AndroidManifest.xml:104:13-36
147            android:exported="false" >
147-->[androidx.work:work-runtime:2.1.0] AndroidManifest.xml:105:13-37
148            <intent-filter>
148-->[androidx.work:work-runtime:2.1.0] AndroidManifest.xml:107:13-111:29
149                <action android:name="android.intent.action.BOOT_COMPLETED" />
149-->[androidx.work:work-runtime:2.1.0] AndroidManifest.xml:108:17-79
149-->[androidx.work:work-runtime:2.1.0] AndroidManifest.xml:108:25-76
150                <action android:name="android.intent.action.TIME_SET" />
150-->[androidx.work:work-runtime:2.1.0] AndroidManifest.xml:109:17-73
150-->[androidx.work:work-runtime:2.1.0] AndroidManifest.xml:109:25-70
151                <action android:name="android.intent.action.TIMEZONE_CHANGED" />
151-->[androidx.work:work-runtime:2.1.0] AndroidManifest.xml:110:17-81
151-->[androidx.work:work-runtime:2.1.0] AndroidManifest.xml:110:25-78
152            </intent-filter>
153        </receiver>
154        <receiver
154-->[androidx.work:work-runtime:2.1.0] AndroidManifest.xml:113:9-122:20
155            android:name="androidx.work.impl.background.systemalarm.ConstraintProxyUpdateReceiver"
155-->[androidx.work:work-runtime:2.1.0] AndroidManifest.xml:114:13-99
156            android:directBootAware="false"
156-->[androidx.work:work-runtime:2.1.0] AndroidManifest.xml:115:13-44
157            android:enabled="@bool/enable_system_alarm_service_default"
157-->[androidx.work:work-runtime:2.1.0] AndroidManifest.xml:116:13-72
158            android:exported="false" >
158-->[androidx.work:work-runtime:2.1.0] AndroidManifest.xml:117:13-37
159            <intent-filter>
159-->[androidx.work:work-runtime:2.1.0] AndroidManifest.xml:119:13-121:29
160                <action android:name="androidx.work.impl.background.systemalarm.UpdateProxies" />
160-->[androidx.work:work-runtime:2.1.0] AndroidManifest.xml:120:17-98
160-->[androidx.work:work-runtime:2.1.0] AndroidManifest.xml:120:25-95
161            </intent-filter>
162        </receiver>
163
164        <service
164-->[androidx.room:room-runtime:2.1.0] AndroidManifest.xml:25:9-27:40
165            android:name="androidx.room.MultiInstanceInvalidationService"
165-->[androidx.room:room-runtime:2.1.0] AndroidManifest.xml:26:13-74
166            android:exported="false" />
166-->[androidx.room:room-runtime:2.1.0] AndroidManifest.xml:27:13-37
167    </application>
168
169</manifest>